<?xml version="1.0" encoding="UTF-8"?>
<coverage generated="1780467491104" clover="3.2.0">
  <project timestamp="1780467491104" name="All files">
    <metrics statements="65" coveredstatements="38" conditionals="57" coveredconditionals="34" methods="11" coveredmethods="7" elements="133" coveredelements="79" complexity="0" loc="65" ncloc="65" packages="1" files="5" classes="5"/>
    <file name="category-keywords.ts" path="C:\Users\Lenovo\Downloads\JoDonate-master (1)\JoDonate-master\lib\category-keywords.ts">
      <metrics statements="28" coveredstatements="13" conditionals="27" coveredconditionals="10" methods="3" coveredmethods="1"/>
      <line num="4" count="1" type="stmt"/>
      <line num="52" count="1" type="stmt"/>
      <line num="85" count="16" type="stmt"/>
      <line num="86" count="16" type="stmt"/>
      <line num="88" count="16" type="stmt"/>
      <line num="89" count="176" type="stmt"/>
      <line num="90" count="176" type="stmt"/>
      <line num="91" count="1808" type="stmt"/>
      <line num="92" count="1808" type="cond" truecount="2" falsecount="0"/>
      <line num="94" count="176" type="cond" truecount="5" falsecount="0"/>
      <line num="95" count="15" type="stmt"/>
      <line num="99" count="16" type="cond" truecount="2" falsecount="0"/>
      <line num="100" count="14" type="cond" truecount="1" falsecount="1"/>
      <line num="104" count="0" type="stmt"/>
      <line num="105" count="0" type="cond" truecount="0" falsecount="2"/>
      <line num="107" count="0" type="cond" truecount="0" falsecount="2"/>
      <line num="108" count="0" type="stmt"/>
      <line num="111" count="0" type="stmt"/>
      <line num="112" count="0" type="stmt"/>
      <line num="113" count="0" type="cond" truecount="0" falsecount="2"/>
      <line num="115" count="0" type="stmt"/>
      <line num="116" count="0" type="cond" truecount="0" falsecount="2"/>
      <line num="118" count="0" type="stmt"/>
      <line num="119" count="0" type="cond" truecount="0" falsecount="4"/>
      <line num="122" count="0" type="stmt"/>
      <line num="123" count="0" type="stmt"/>
      <line num="124" count="0" type="cond" truecount="0" falsecount="4"/>
      <line num="127" count="0" type="stmt"/>
    </file>
    <file name="category-suggest.ts" path="C:\Users\Lenovo\Downloads\JoDonate-master (1)\JoDonate-master\lib\category-suggest.ts">
      <metrics statements="1" coveredstatements="1" conditionals="0" coveredconditionals="0" methods="1" coveredmethods="1"/>
      <line num="5" count="16" type="stmt"/>
    </file>
    <file name="donation-categories.ts" path="C:\Users\Lenovo\Downloads\JoDonate-master (1)\JoDonate-master\lib\donation-categories.ts">
      <metrics statements="13" coveredstatements="13" conditionals="18" coveredconditionals="18" methods="1" coveredmethods="1"/>
      <line num="5" count="1" type="stmt"/>
      <line num="21" count="1" type="stmt"/>
      <line num="35" count="1" type="stmt"/>
      <line num="64" count="12" type="cond" truecount="2" falsecount="0"/>
      <line num="65" count="11" type="cond" truecount="2" falsecount="0"/>
      <line num="66" count="10" type="cond" truecount="2" falsecount="0"/>
      <line num="67" count="9" type="cond" truecount="2" falsecount="0"/>
      <line num="68" count="8" type="cond" truecount="2" falsecount="0"/>
      <line num="69" count="7" type="cond" truecount="2" falsecount="0"/>
      <line num="70" count="6" type="cond" truecount="2" falsecount="0"/>
      <line num="71" count="5" type="cond" truecount="2" falsecount="0"/>
      <line num="72" count="4" type="cond" truecount="2" falsecount="0"/>
      <line num="73" count="3" type="stmt"/>
    </file>
    <file name="location-filter.ts" path="C:\Users\Lenovo\Downloads\JoDonate-master (1)\JoDonate-master\lib\location-filter.ts">
      <metrics statements="21" coveredstatements="9" conditionals="10" coveredconditionals="4" methods="4" coveredmethods="2"/>
      <line num="7" count="0" type="stmt"/>
      <line num="8" count="0" type="stmt"/>
      <line num="9" count="0" type="cond" truecount="0" falsecount="2"/>
      <line num="11" count="0" type="stmt"/>
      <line num="12" count="0" type="cond" truecount="0" falsecount="2"/>
      <line num="14" count="0" type="stmt"/>
      <line num="18" count="0" type="stmt"/>
      <line num="23" count="0" type="stmt"/>
      <line num="28" count="9" type="stmt"/>
      <line num="29" count="9" type="stmt"/>
      <line num="30" count="9" type="stmt"/>
      <line num="31" count="9" type="stmt"/>
      <line num="32" count="9" type="stmt"/>
      <line num="34" count="9" type="stmt"/>
      <line num="36" count="9" type="stmt"/>
      <line num="44" count="6" type="cond" truecount="4" falsecount="0"/>
      <line num="45" count="3" type="stmt"/>
      <line num="49" count="0" type="stmt"/>
      <line num="50" count="0" type="cond" truecount="0" falsecount="2"/>
      <line num="51" count="0" type="stmt"/>
      <line num="56" count="0" type="stmt"/>
    </file>
    <file name="rules.ts" path="C:\Users\Lenovo\Downloads\JoDonate-master (1)\JoDonate-master\lib\rules.ts">
      <metrics statements="2" coveredstatements="2" conditionals="2" coveredconditionals="2" methods="2" coveredmethods="2"/>
      <line num="2" count="6" type="cond" truecount="2" falsecount="0"/>
      <line num="6" count="6" type="stmt"/>
    </file>
  </project>
</coverage>
