{"C:\\Users\\Lenovo\\Downloads\\JoDonate-master (1)\\JoDonate-master\\lib\\category-keywords.ts": {"path":"C:\\Users\\Lenovo\\Downloads\\JoDonate-master (1)\\JoDonate-master\\lib\\category-keywords.ts","statementMap":{"0":{"start":{"line":4,"column":84},"end":{"line":49,"column":1}},"1":{"start":{"line":52,"column":66},"end":{"line":82,"column":1}},"2":{"start":{"line":85,"column":16},"end":{"line":85,"column":34}},"3":{"start":{"line":86,"column":67},"end":{"line":86,"column":71}},"4":{"start":{"line":88,"column":2},"end":{"line":97,"column":3}},"5":{"start":{"line":89,"column":16},"end":{"line":89,"column":17}},"6":{"start":{"line":90,"column":4},"end":{"line":93,"column":5}},"7":{"start":{"line":91,"column":19},"end":{"line":91,"column":34}},"8":{"start":{"line":92,"column":6},"end":{"line":92,"column":43}},"9":{"start":{"line":92,"column":32},"end":{"line":92,"column":43}},"10":{"start":{"line":94,"column":4},"end":{"line":96,"column":5}},"11":{"start":{"line":95,"column":6},"end":{"line":95,"column":47}},"12":{"start":{"line":99,"column":2},"end":{"line":99,"column":25}},"13":{"start":{"line":99,"column":13},"end":{"line":99,"column":25}},"14":{"start":{"line":100,"column":2},"end":{"line":100,"column":76}},"15":{"start":{"line":104,"column":18},"end":{"line":104,"column":28}},"16":{"start":{"line":105,"column":2},"end":{"line":105,"column":28}},"17":{"start":{"line":105,"column":16},"end":{"line":105,"column":28}},"18":{"start":{"line":107,"column":2},"end":{"line":109,"column":3}},"19":{"start":{"line":108,"column":4},"end":{"line":108,"column":39}},"20":{"start":{"line":111,"column":16},"end":{"line":111,"column":37}},"21":{"start":{"line":112,"column":16},"end":{"line":112,"column":74}},"22":{"start":{"line":112,"column":48},"end":{"line":112,"column":73}},"23":{"start":{"line":113,"column":2},"end":{"line":113,"column":26}},"24":{"start":{"line":113,"column":13},"end":{"line":113,"column":26}},"25":{"start":{"line":115,"column":16},"end":{"line":115,"column":39}},"26":{"start":{"line":116,"column":2},"end":{"line":116,"column":26}},"27":{"start":{"line":116,"column":13},"end":{"line":116,"column":26}},"28":{"start":{"line":118,"column":2},"end":{"line":120,"column":3}},"29":{"start":{"line":119,"column":4},"end":{"line":119,"column":68}},"30":{"start":{"line":119,"column":52},"end":{"line":119,"column":68}},"31":{"start":{"line":122,"column":2},"end":{"line":125,"column":3}},"32":{"start":{"line":123,"column":21},"end":{"line":123,"column":47}},"33":{"start":{"line":124,"column":4},"end":{"line":124,"column":82}},"34":{"start":{"line":124,"column":62},"end":{"line":124,"column":82}},"35":{"start":{"line":127,"column":2},"end":{"line":127,"column":40}}},"fnMap":{"0":{"name":"scoreCategoryFromText","decl":{"start":{"line":84,"column":16},"end":{"line":84,"column":37}},"loc":{"start":{"line":84,"column":77},"end":{"line":101,"column":1}},"line":84},"1":{"name":"normalizeCategoryLabel","decl":{"start":{"line":103,"column":16},"end":{"line":103,"column":38}},"loc":{"start":{"line":103,"column":77},"end":{"line":128,"column":1}},"line":103},"2":{"name":"(anonymous_2)","decl":{"start":{"line":112,"column":41},"end":{"line":112,"column":42}},"loc":{"start":{"line":112,"column":48},"end":{"line":112,"column":73}},"line":112}},"branchMap":{"0":{"loc":{"start":{"line":92,"column":6},"end":{"line":92,"column":43}},"type":"if","locations":[{"start":{"line":92,"column":6},"end":{"line":92,"column":43}},{"start":{},"end":{}}],"line":92},"1":{"loc":{"start":{"line":94,"column":4},"end":{"line":96,"column":5}},"type":"if","locations":[{"start":{"line":94,"column":4},"end":{"line":96,"column":5}},{"start":{},"end":{}}],"line":94},"2":{"loc":{"start":{"line":94,"column":8},"end":{"line":94,"column":50}},"type":"binary-expr","locations":[{"start":{"line":94,"column":8},"end":{"line":94,"column":17}},{"start":{"line":94,"column":22},"end":{"line":94,"column":27}},{"start":{"line":94,"column":31},"end":{"line":94,"column":49}}],"line":94},"3":{"loc":{"start":{"line":99,"column":2},"end":{"line":99,"column":25}},"type":"if","locations":[{"start":{"line":99,"column":2},"end":{"line":99,"column":25}},{"start":{},"end":{}}],"line":99},"4":{"loc":{"start":{"line":100,"column":9},"end":{"line":100,"column":75}},"type":"cond-expr","locations":[{"start":{"line":100,"column":55},"end":{"line":100,"column":68}},{"start":{"line":100,"column":71},"end":{"line":100,"column":75}}],"line":100},"5":{"loc":{"start":{"line":105,"column":2},"end":{"line":105,"column":28}},"type":"if","locations":[{"start":{"line":105,"column":2},"end":{"line":105,"column":28}},{"start":{},"end":{}}],"line":105},"6":{"loc":{"start":{"line":107,"column":2},"end":{"line":109,"column":3}},"type":"if","locations":[{"start":{"line":107,"column":2},"end":{"line":109,"column":3}},{"start":{},"end":{}}],"line":107},"7":{"loc":{"start":{"line":113,"column":2},"end":{"line":113,"column":26}},"type":"if","locations":[{"start":{"line":113,"column":2},"end":{"line":113,"column":26}},{"start":{},"end":{}}],"line":113},"8":{"loc":{"start":{"line":116,"column":2},"end":{"line":116,"column":26}},"type":"if","locations":[{"start":{"line":116,"column":2},"end":{"line":116,"column":26}},{"start":{},"end":{}}],"line":116},"9":{"loc":{"start":{"line":119,"column":4},"end":{"line":119,"column":68}},"type":"if","locations":[{"start":{"line":119,"column":4},"end":{"line":119,"column":68}},{"start":{},"end":{}}],"line":119},"10":{"loc":{"start":{"line":119,"column":8},"end":{"line":119,"column":50}},"type":"binary-expr","locations":[{"start":{"line":119,"column":8},"end":{"line":119,"column":27}},{"start":{"line":119,"column":31},"end":{"line":119,"column":50}}],"line":119},"11":{"loc":{"start":{"line":124,"column":4},"end":{"line":124,"column":82}},"type":"if","locations":[{"start":{"line":124,"column":4},"end":{"line":124,"column":82}},{"start":{},"end":{}}],"line":124},"12":{"loc":{"start":{"line":124,"column":8},"end":{"line":124,"column":60}},"type":"binary-expr","locations":[{"start":{"line":124,"column":8},"end":{"line":124,"column":32}},{"start":{"line":124,"column":36},"end":{"line":124,"column":60}}],"line":124}},"s":{"0":1,"1":1,"2":16,"3":16,"4":16,"5":176,"6":176,"7":1808,"8":1808,"9":27,"10":176,"11":15,"12":16,"13":2,"14":14,"15":0,"16":0,"17":0,"18":0,"19":0,"20":0,"21":0,"22":0,"23":0,"24":0,"25":0,"26":0,"27":0,"28":0,"29":0,"30":0,"31":0,"32":0,"33":0,"34":0,"35":0},"f":{"0":16,"1":0,"2":0},"b":{"0":[27,1781],"1":[15,161],"2":[176,16,2],"3":[2,14],"4":[14,0],"5":[0,0],"6":[0,0],"7":[0,0],"8":[0,0],"9":[0,0],"10":[0,0],"11":[0,0],"12":[0,0]},"_coverageSchema":"1a1c01bbd47fc00a2c39e90264f33305004495a9","hash":"fc1d10b6d2bd4b5c20ba45944d2180cc83a86213"}
,"C:\\Users\\Lenovo\\Downloads\\JoDonate-master (1)\\JoDonate-master\\lib\\category-suggest.ts": {"path":"C:\\Users\\Lenovo\\Downloads\\JoDonate-master (1)\\JoDonate-master\\lib\\category-suggest.ts","statementMap":{"0":{"start":{"line":5,"column":2},"end":{"line":5,"column":58}}},"fnMap":{"0":{"name":"suggestCategoryFromText","decl":{"start":{"line":4,"column":16},"end":{"line":4,"column":39}},"loc":{"start":{"line":4,"column":101},"end":{"line":6,"column":1}},"line":4}},"branchMap":{},"s":{"0":16},"f":{"0":16},"b":{},"_coverageSchema":"1a1c01bbd47fc00a2c39e90264f33305004495a9","hash":"c48fa9dfa8efeabb9e3e2f9eb62b23c6c2377727"}
,"C:\\Users\\Lenovo\\Downloads\\JoDonate-master (1)\\JoDonate-master\\lib\\donation-categories.ts": {"path":"C:\\Users\\Lenovo\\Downloads\\JoDonate-master (1)\\JoDonate-master\\lib\\donation-categories.ts","statementMap":{"0":{"start":{"line":5,"column":35},"end":{"line":17,"column":10}},"1":{"start":{"line":21,"column":66},"end":{"line":33,"column":1}},"2":{"start":{"line":35,"column":29},"end":{"line":49,"column":10}},"3":{"start":{"line":64,"column":2},"end":{"line":64,"column":46}},"4":{"start":{"line":64,"column":32},"end":{"line":64,"column":46}},"5":{"start":{"line":65,"column":2},"end":{"line":65,"column":52}},"6":{"start":{"line":65,"column":35},"end":{"line":65,"column":52}},"7":{"start":{"line":66,"column":2},"end":{"line":66,"column":38}},"8":{"start":{"line":66,"column":23},"end":{"line":66,"column":38}},"9":{"start":{"line":67,"column":2},"end":{"line":67,"column":49}},"10":{"start":{"line":67,"column":33},"end":{"line":67,"column":49}},"11":{"start":{"line":68,"column":2},"end":{"line":68,"column":50}},"12":{"start":{"line":68,"column":29},"end":{"line":68,"column":50}},"13":{"start":{"line":69,"column":2},"end":{"line":69,"column":44}},"14":{"start":{"line":69,"column":26},"end":{"line":69,"column":44}},"15":{"start":{"line":70,"column":2},"end":{"line":70,"column":57}},"16":{"start":{"line":70,"column":38},"end":{"line":70,"column":57}},"17":{"start":{"line":71,"column":2},"end":{"line":71,"column":50}},"18":{"start":{"line":71,"column":34},"end":{"line":71,"column":50}},"19":{"start":{"line":72,"column":2},"end":{"line":72,"column":50}},"20":{"start":{"line":72,"column":36},"end":{"line":72,"column":50}},"21":{"start":{"line":73,"column":2},"end":{"line":73,"column":17}}},"fnMap":{"0":{"name":"categoryFormKind","decl":{"start":{"line":63,"column":16},"end":{"line":63,"column":32}},"loc":{"start":{"line":63,"column":64},"end":{"line":74,"column":1}},"line":63}},"branchMap":{"0":{"loc":{"start":{"line":64,"column":2},"end":{"line":64,"column":46}},"type":"if","locations":[{"start":{"line":64,"column":2},"end":{"line":64,"column":46}},{"start":{},"end":{}}],"line":64},"1":{"loc":{"start":{"line":65,"column":2},"end":{"line":65,"column":52}},"type":"if","locations":[{"start":{"line":65,"column":2},"end":{"line":65,"column":52}},{"start":{},"end":{}}],"line":65},"2":{"loc":{"start":{"line":66,"column":2},"end":{"line":66,"column":38}},"type":"if","locations":[{"start":{"line":66,"column":2},"end":{"line":66,"column":38}},{"start":{},"end":{}}],"line":66},"3":{"loc":{"start":{"line":67,"column":2},"end":{"line":67,"column":49}},"type":"if","locations":[{"start":{"line":67,"column":2},"end":{"line":67,"column":49}},{"start":{},"end":{}}],"line":67},"4":{"loc":{"start":{"line":68,"column":2},"end":{"line":68,"column":50}},"type":"if","locations":[{"start":{"line":68,"column":2},"end":{"line":68,"column":50}},{"start":{},"end":{}}],"line":68},"5":{"loc":{"start":{"line":69,"column":2},"end":{"line":69,"column":44}},"type":"if","locations":[{"start":{"line":69,"column":2},"end":{"line":69,"column":44}},{"start":{},"end":{}}],"line":69},"6":{"loc":{"start":{"line":70,"column":2},"end":{"line":70,"column":57}},"type":"if","locations":[{"start":{"line":70,"column":2},"end":{"line":70,"column":57}},{"start":{},"end":{}}],"line":70},"7":{"loc":{"start":{"line":71,"column":2},"end":{"line":71,"column":50}},"type":"if","locations":[{"start":{"line":71,"column":2},"end":{"line":71,"column":50}},{"start":{},"end":{}}],"line":71},"8":{"loc":{"start":{"line":72,"column":2},"end":{"line":72,"column":50}},"type":"if","locations":[{"start":{"line":72,"column":2},"end":{"line":72,"column":50}},{"start":{},"end":{}}],"line":72}},"s":{"0":1,"1":1,"2":1,"3":12,"4":1,"5":11,"6":1,"7":10,"8":1,"9":9,"10":1,"11":8,"12":1,"13":7,"14":1,"15":6,"16":1,"17":5,"18":1,"19":4,"20":1,"21":3},"f":{"0":12},"b":{"0":[1,11],"1":[1,10],"2":[1,9],"3":[1,8],"4":[1,7],"5":[1,6],"6":[1,5],"7":[1,4],"8":[1,3]},"_coverageSchema":"1a1c01bbd47fc00a2c39e90264f33305004495a9","hash":"15654cee3a366df47c83522cb9141ffa483e4985"}
,"C:\\Users\\Lenovo\\Downloads\\JoDonate-master (1)\\JoDonate-master\\lib\\location-filter.ts": {"path":"C:\\Users\\Lenovo\\Downloads\\JoDonate-master (1)\\JoDonate-master\\lib\\location-filter.ts","statementMap":{"0":{"start":{"line":7,"column":2},"end":{"line":24,"column":3}},"1":{"start":{"line":8,"column":23},"end":{"line":8,"column":73}},"2":{"start":{"line":9,"column":4},"end":{"line":9,"column":42}},"3":{"start":{"line":9,"column":30},"end":{"line":9,"column":42}},"4":{"start":{"line":11,"column":28},"end":{"line":11,"column":68}},"5":{"start":{"line":12,"column":4},"end":{"line":12,"column":38}},"6":{"start":{"line":12,"column":26},"end":{"line":12,"column":38}},"7":{"start":{"line":14,"column":16},"end":{"line":16,"column":6}},"8":{"start":{"line":18,"column":4},"end":{"line":21,"column":6}},"9":{"start":{"line":23,"column":4},"end":{"line":23,"column":16}},"10":{"start":{"line":28,"column":12},"end":{"line":28,"column":16}},"11":{"start":{"line":29,"column":15},"end":{"line":29,"column":58}},"12":{"start":{"line":30,"column":15},"end":{"line":30,"column":60}},"13":{"start":{"line":31,"column":15},"end":{"line":31,"column":43}},"14":{"start":{"line":32,"column":15},"end":{"line":32,"column":43}},"15":{"start":{"line":34,"column":4},"end":{"line":35,"column":61}},"16":{"start":{"line":36,"column":2},"end":{"line":36,"column":60}},"17":{"start":{"line":44,"column":2},"end":{"line":44,"column":68}},"18":{"start":{"line":44,"column":55},"end":{"line":44,"column":68}},"19":{"start":{"line":45,"column":2},"end":{"line":45,"column":94}},"20":{"start":{"line":49,"column":17},"end":{"line":49,"column":41}},"21":{"start":{"line":50,"column":2},"end":{"line":55,"column":3}},"22":{"start":{"line":51,"column":4},"end":{"line":54,"column":6}},"23":{"start":{"line":56,"column":2},"end":{"line":56,"column":16}}},"fnMap":{"0":{"name":"getCurrentCoords","decl":{"start":{"line":6,"column":22},"end":{"line":6,"column":38}},"loc":{"start":{"line":6,"column":65},"end":{"line":25,"column":1}},"line":6},"1":{"name":"distanceKm","decl":{"start":{"line":27,"column":16},"end":{"line":27,"column":26}},"loc":{"start":{"line":27,"column":57},"end":{"line":37,"column":1}},"line":27},"2":{"name":"withinRadiusKm","decl":{"start":{"line":39,"column":16},"end":{"line":39,"column":30}},"loc":{"start":{"line":43,"column":11},"end":{"line":46,"column":1}},"line":43},"3":{"name":"requestLocationForFilter","decl":{"start":{"line":48,"column":22},"end":{"line":48,"column":46}},"loc":{"start":{"line":48,"column":73},"end":{"line":57,"column":1}},"line":48}},"branchMap":{"0":{"loc":{"start":{"line":9,"column":4},"end":{"line":9,"column":42}},"type":"if","locations":[{"start":{"line":9,"column":4},"end":{"line":9,"column":42}},{"start":{},"end":{}}],"line":9},"1":{"loc":{"start":{"line":12,"column":4},"end":{"line":12,"column":38}},"type":"if","locations":[{"start":{"line":12,"column":4},"end":{"line":12,"column":38}},{"start":{},"end":{}}],"line":12},"2":{"loc":{"start":{"line":44,"column":2},"end":{"line":44,"column":68}},"type":"if","locations":[{"start":{"line":44,"column":2},"end":{"line":44,"column":68}},{"start":{},"end":{}}],"line":44},"3":{"loc":{"start":{"line":44,"column":6},"end":{"line":44,"column":53}},"type":"binary-expr","locations":[{"start":{"line":44,"column":6},"end":{"line":44,"column":27}},{"start":{"line":44,"column":31},"end":{"line":44,"column":53}}],"line":44},"4":{"loc":{"start":{"line":50,"column":2},"end":{"line":55,"column":3}},"type":"if","locations":[{"start":{"line":50,"column":2},"end":{"line":55,"column":3}},{"start":{},"end":{}}],"line":50}},"s":{"0":0,"1":0,"2":0,"3":0,"4":0,"5":0,"6":0,"7":0,"8":0,"9":0,"10":9,"11":9,"12":9,"13":9,"14":9,"15":9,"16":9,"17":6,"18":3,"19":3,"20":0,"21":0,"22":0,"23":0},"f":{"0":0,"1":9,"2":6,"3":0},"b":{"0":[0,0],"1":[0,0],"2":[3,3],"3":[6,4],"4":[0,0]},"_coverageSchema":"1a1c01bbd47fc00a2c39e90264f33305004495a9","hash":"1c469c960511f14dbe2d0ab5cdde380a2ee9fa53"}
,"C:\\Users\\Lenovo\\Downloads\\JoDonate-master (1)\\JoDonate-master\\lib\\rules.ts": {"path":"C:\\Users\\Lenovo\\Downloads\\JoDonate-master (1)\\JoDonate-master\\lib\\rules.ts","statementMap":{"0":{"start":{"line":2,"column":2},"end":{"line":2,"column":58}},"1":{"start":{"line":6,"column":2},"end":{"line":6,"column":31}}},"fnMap":{"0":{"name":"canRequestItem","decl":{"start":{"line":1,"column":16},"end":{"line":1,"column":30}},"loc":{"start":{"line":1,"column":56},"end":{"line":3,"column":1}},"line":1},"1":{"name":"canMarkDonated","decl":{"start":{"line":5,"column":16},"end":{"line":5,"column":30}},"loc":{"start":{"line":5,"column":56},"end":{"line":7,"column":1}},"line":5}},"branchMap":{"0":{"loc":{"start":{"line":2,"column":9},"end":{"line":2,"column":57}},"type":"binary-expr","locations":[{"start":{"line":2,"column":9},"end":{"line":2,"column":31}},{"start":{"line":2,"column":35},"end":{"line":2,"column":57}}],"line":2}},"s":{"0":6,"1":6},"f":{"0":6,"1":6},"b":{"0":[6,5]},"_coverageSchema":"1a1c01bbd47fc00a2c39e90264f33305004495a9","hash":"e1d1d960afce5c030bfc5e09ab4c2d0fbcddd6b5"}
}
