TN:
SF:lib\category-keywords.ts
FN:84,scoreCategoryFromText
FN:103,normalizeCategoryLabel
FN:112,(anonymous_2)
FNF:3
FNH:1
FNDA:16,scoreCategoryFromText
FNDA:0,normalizeCategoryLabel
FNDA:0,(anonymous_2)
DA:4,1
DA:52,1
DA:85,16
DA:86,16
DA:88,16
DA:89,176
DA:90,176
DA:91,1808
DA:92,1808
DA:94,176
DA:95,15
DA:99,16
DA:100,14
DA:104,0
DA:105,0
DA:107,0
DA:108,0
DA:111,0
DA:112,0
DA:113,0
DA:115,0
DA:116,0
DA:118,0
DA:119,0
DA:122,0
DA:123,0
DA:124,0
DA:127,0
LF:28
LH:13
BRDA:92,0,0,27
BRDA:92,0,1,1781
BRDA:94,1,0,15
BRDA:94,1,1,161
BRDA:94,2,0,176
BRDA:94,2,1,16
BRDA:94,2,2,2
BRDA:99,3,0,2
BRDA:99,3,1,14
BRDA:100,4,0,14
BRDA:100,4,1,0
BRDA:105,5,0,0
BRDA:105,5,1,0
BRDA:107,6,0,0
BRDA:107,6,1,0
BRDA:113,7,0,0
BRDA:113,7,1,0
BRDA:116,8,0,0
BRDA:116,8,1,0
BRDA:119,9,0,0
BRDA:119,9,1,0
BRDA:119,10,0,0
BRDA:119,10,1,0
BRDA:124,11,0,0
BRDA:124,11,1,0
BRDA:124,12,0,0
BRDA:124,12,1,0
BRF:27
BRH:10
end_of_record
TN:
SF:lib\category-suggest.ts
FN:4,suggestCategoryFromText
FNF:1
FNH:1
FNDA:16,suggestCategoryFromText
DA:5,16
LF:1
LH:1
BRF:0
BRH:0
end_of_record
TN:
SF:lib\donation-categories.ts
FN:63,categoryFormKind
FNF:1
FNH:1
FNDA:12,categoryFormKind
DA:5,1
DA:21,1
DA:35,1
DA:64,12
DA:65,11
DA:66,10
DA:67,9
DA:68,8
DA:69,7
DA:70,6
DA:71,5
DA:72,4
DA:73,3
LF:13
LH:13
BRDA:64,0,0,1
BRDA:64,0,1,11
BRDA:65,1,0,1
BRDA:65,1,1,10
BRDA:66,2,0,1
BRDA:66,2,1,9
BRDA:67,3,0,1
BRDA:67,3,1,8
BRDA:68,4,0,1
BRDA:68,4,1,7
BRDA:69,5,0,1
BRDA:69,5,1,6
BRDA:70,6,0,1
BRDA:70,6,1,5
BRDA:71,7,0,1
BRDA:71,7,1,4
BRDA:72,8,0,1
BRDA:72,8,1,3
BRF:18
BRH:18
end_of_record
TN:
SF:lib\location-filter.ts
FN:6,getCurrentCoords
FN:27,distanceKm
FN:39,withinRadiusKm
FN:48,requestLocationForFilter
FNF:4
FNH:2
FNDA:0,getCurrentCoords
FNDA:9,distanceKm
FNDA:6,withinRadiusKm
FNDA:0,requestLocationForFilter
DA:7,0
DA:8,0
DA:9,0
DA:11,0
DA:12,0
DA:14,0
DA:18,0
DA:23,0
DA:28,9
DA:29,9
DA:30,9
DA:31,9
DA:32,9
DA:34,9
DA:36,9
DA:44,6
DA:45,3
DA:49,0
DA:50,0
DA:51,0
DA:56,0
LF:21
LH:9
BRDA:9,0,0,0
BRDA:9,0,1,0
BRDA:12,1,0,0
BRDA:12,1,1,0
BRDA:44,2,0,3
BRDA:44,2,1,3
BRDA:44,3,0,6
BRDA:44,3,1,4
BRDA:50,4,0,0
BRDA:50,4,1,0
BRF:10
BRH:4
end_of_record
TN:
SF:lib\rules.ts
FN:1,canRequestItem
FN:5,canMarkDonated
FNF:2
FNH:2
FNDA:6,canRequestItem
FNDA:6,canMarkDonated
DA:2,6
DA:6,6
LF:2
LH:2
BRDA:2,0,0,6
BRDA:2,0,1,5
BRF:2
BRH:2
end_of_record
